<?xml version="1.0" encoding="UTF-8"?>
<testng-results skipped="0" failed="0" ignored="0" total="1" passed="1">
  <reporter-output>
  </reporter-output>
  <suite name="Default suite" duration-ms="13225" started-at="2020-05-12T20:01:17 CDT" finished-at="2020-05-12T20:01:31 CDT">
    <groups>
    </groups>
    <test name="Default test" duration-ms="13225" started-at="2020-05-12T20:01:17 CDT" finished-at="2020-05-12T20:01:31 CDT">
      <class name="Testing.TestCases">
        <test-method status="PASS" signature="beforeTest()[pri:0, instance:Testing.TestCases@79be0360]" name="beforeTest" is-config="true" duration-ms="13164" started-at="2020-05-12T20:01:17 CDT" finished-at="2020-05-12T20:01:30 CDT">
          <reporter-output>
          </reporter-output>
        </test-method> <!-- beforeTest -->
        <test-method status="PASS" signature="VerifyServicesLinks()[pri:0, instance:Testing.TestCases@79be0360]" name="VerifyServicesLinks" duration-ms="6" started-at="2020-05-12T20:01:30 CDT" finished-at="2020-05-12T20:01:30 CDT">
          <reporter-output>
          </reporter-output>
        </test-method> <!-- VerifyServicesLinks -->
      </class> <!-- Testing.TestCases -->
    </test> <!-- Default test -->
  </suite> <!-- Default suite -->
</testng-results>
